<?xml version="1.0" encoding="UTF-8"?>
<Site BuildName="(empty)"
	BuildStamp="20250125-1213-Experimental"
	Name="(empty)"
	Generator="ctest-3.28.3"
	CompilerName=""
	CompilerVersion=""
	OSName="Linux"
	Hostname="zyk-kubuntu"
	OSRelease="6.8.0-51-generic"
	OSVersion="#52-Ubuntu SMP PREEMPT_DYNAMIC Thu Dec  5 13:09:44 UTC 2024"
	OSPlatform="x86_64"
	Is64Bits="1"
	VendorString="GenuineIntel"
	VendorID="Intel Corporation"
	FamilyID="6"
	ModelID="154"
	ProcessorCacheSize="12288"
	NumberOfLogicalCPU="16"
	NumberOfPhysicalCPU="12"
	TotalVirtualMemory="511"
	TotalPhysicalMemory="31666"
	LogicalProcessorsPerPhysical="1"
	ProcessorClockFrequency="3397.62"
	>
	<Testing>
		<StartDateTime>Jan 25 20:13 CST</StartDateTime>
		<StartTestTime>1737807225</StartTestTime>
		<TestList/>
		<EndDateTime>Jan 25 20:13 CST</EndDateTime>
		<EndTestTime>1737807225</EndTestTime>
		<ElapsedMinutes>0</ElapsedMinutes>
	</Testing>
</Site>
